<?xml version="1.0" encoding="UTF-8"?>
<!-- Generated by org.testng.reporters.JUnitReportReporter -->
<testsuite hostname="DESKTOP-H0PI4DT" failures="0" tests="1" name="pdfboxExample.ControlPDF_Internet" time="4.046" errors="0" timestamp="2022-09-20T14:39:24 IST" skipped="0">
  <testcase classname="pdfboxExample.ControlPDF_Internet" name="ReadPDFFile" time="4.046"/>
  <system-out/>
</testsuite> <!-- pdfboxExample.ControlPDF_Internet -->
