<?xml version="1.0" encoding="UTF-8"?>
<!-- Generated by org.testng.reporters.JUnitReportReporter -->
<testsuite hostname="DESKTOP-H0PI4DT" failures="0" tests="1" name="handleWindow.IRCTC_MutipleWindow" time="22.424" errors="0" timestamp="2022-09-15T12:41:08 IST" skipped="0">
  <testcase classname="handleWindow.IRCTC_MutipleWindow" name="verifyHotelBooking" time="22.424"/>
  <system-out/>
</testsuite> <!-- handleWindow.IRCTC_MutipleWindow -->
