<?xml version="1.0" encoding="UTF-8"?>
<!-- Generated by org.testng.reporters.JUnitReportReporter -->
<testsuite hostname="DESKTOP-H0PI4DT" failures="0" tests="1" name="conditionalWaitExample.WaitForElementVisibleTest" time="15.565" errors="0" timestamp="2022-09-15T11:45:07 IST" skipped="0">
  <testcase classname="conditionalWaitExample.WaitForElementVisibleTest" name="enterValueTest" time="15.565"/>
  <system-out/>
</testsuite> <!-- conditionalWaitExample.WaitForElementVisibleTest -->
