<?xml version="1.0" encoding="UTF-8"?>
<!-- Generated by org.testng.reporters.JUnitReportReporter -->
<testsuite hostname="DESKTOP-H0PI4DT" failures="0" tests="1" name="exercise.GetLinkCount" time="5.728" errors="0" timestamp="2022-09-20T21:54:47 IST" skipped="0">
  <testcase classname="exercise.GetLinkCount" name="verifyLinkCount" time="5.728"/>
  <system-out/>
</testsuite> <!-- exercise.GetLinkCount -->
