<?xml version="1.0" encoding="UTF-8"?>
<!-- Generated by org.testng.reporters.JUnitReportReporter -->
<testsuite hostname="DESKTOP-H0PI4DT" failures="0" tests="1" name="incedo_test.BaseTest" time="0.006" errors="0" timestamp="2022-09-19T11:36:47 IST" skipped="0">
  <testcase classname="incedo_test.BaseTest" name="Test1" time="0.006"/>
  <system-out/>
</testsuite> <!-- incedo_test.BaseTest -->
