<?xml version="1.0" encoding="UTF-8"?>
<!-- Generated by org.testng.reporters.JUnitReportReporter -->
<testsuite hostname="DESKTOP-H0PI4DT" failures="0" tests="1" name="conditionalWaitExample.AlerPresentTest" time="10.847" errors="0" timestamp="2022-09-15T11:29:01 IST" skipped="0">
  <testcase classname="conditionalWaitExample.AlerPresentTest" name="AlertTest" time="10.847"/>
  <system-out/>
</testsuite> <!-- conditionalWaitExample.AlerPresentTest -->
