<?xml version="1.0" encoding="UTF-8"?>
<!-- Generated by org.testng.reporters.JUnitReportReporter -->
<testsuite hostname="DESKTOP-H0PI4DT" failures="0" tests="1" name="takeScreenshotExample.PayTMExample" time="6.561" errors="0" timestamp="2022-09-14T14:12:45 IST" skipped="0">
  <testcase classname="takeScreenshotExample.PayTMExample" name="verifyWatchVideoTest" time="6.561"/>
  <system-out/>
</testsuite> <!-- takeScreenshotExample.PayTMExample -->
