<?xml version="1.0" encoding="UTF-8"?>
<!-- Generated by org.testng.reporters.JUnitReportReporter -->
<testsuite hostname="DESKTOP-H0PI4DT" failures="0" tests="1" name="fileUploadExample.FileUploadDownloadExample" time="4.239" errors="0" timestamp="2022-09-20T11:55:43 IST" skipped="0">
  <testcase classname="fileUploadExample.FileUploadDownloadExample" name="fileUpload" time="4.239"/>
  <system-out/>
</testsuite> <!-- fileUploadExample.FileUploadDownloadExample -->
