<?xml version="1.0" encoding="UTF-8"?>
<!-- Generated by org.testng.reporters.JUnitReportReporter -->
<testsuite hostname="DESKTOP-H0PI4DT" failures="0" tests="1" name="javascriptExecutorExample.MyntraTest" time="4.093" errors="0" timestamp="2022-09-15T14:06:54 IST" skipped="0">
  <testcase classname="javascriptExecutorExample.MyntraTest" name="TestCase1" time="4.093"/>
  <system-out/>
</testsuite> <!-- javascriptExecutorExample.MyntraTest -->
