<?xml version="1.0" encoding="UTF-8"?>
<!-- Generated by org.testng.reporters.JUnitReportReporter -->
<testsuite hostname="DESKTOP-H0PI4DT" failures="0" tests="1" name="javascriptExecutorExample.JavaScriptTest" time="4.064" errors="0" timestamp="2022-09-15T14:01:10 IST" skipped="0">
  <testcase classname="javascriptExecutorExample.JavaScriptTest" name="TestCase1" time="4.064"/>
  <system-out/>
</testsuite> <!-- javascriptExecutorExample.JavaScriptTest -->
