<?xml version="1.0" encoding="UTF-8"?>
<!-- Generated by org.testng.reporters.JUnitReportReporter -->
<testsuite hostname="DESKTOP-H0PI4DT" failures="0" tests="5" name="testNGExample.AmazonTestExample" time="0.021" errors="0" timestamp="2022-09-12T13:13:53 IST" skipped="0">
  <testcase classname="testNGExample.AmazonTestExample" name="login" time="0.011"/>
  <system-out/>
  <testcase classname="testNGExample.AmazonTestExample" name="addItemsToCart" time="0.003"/>
  <system-out/>
  <testcase classname="testNGExample.AmazonTestExample" name="payment" time="0.002"/>
  <system-out/>
  <testcase classname="testNGExample.AmazonTestExample" name="cancelOrder" time="0.003"/>
  <system-out/>
  <testcase classname="testNGExample.AmazonTestExample" name="logout" time="0.002"/>
  <system-out/>
</testsuite> <!-- testNGExample.AmazonTestExample -->
