<?xml version="1.0" encoding="UTF-8"?>
<!-- Generated by org.testng.reporters.JUnitReportReporter -->
<testsuite hostname="DESKTOP-H0PI4DT" failures="0" tests="1" name="fileUploadExample.FileUploadAppTest_Monster2" time="8.380" errors="0" timestamp="2022-09-20T11:48:10 IST" skipped="0">
  <testcase classname="fileUploadExample.FileUploadAppTest_Monster2" name="fileUpload" time="8.380"/>
  <system-out/>
</testsuite> <!-- fileUploadExample.FileUploadAppTest_Monster2 -->
