<?xml version="1.0" encoding="UTF-8"?>
<!-- Generated by org.testng.reporters.JUnitReportReporter -->
<testsuite hostname="DESKTOP-H0PI4DT" failures="0" tests="2" name="controlExample.HandleRadioButtonCheckbox" time="0.175" errors="0" timestamp="2022-09-12T13:23:40 IST" skipped="0">
  <testcase classname="controlExample.HandleRadioButtonCheckbox" name="handleRadioButtonTest" time="0.071"/>
  <system-out/>
  <testcase classname="controlExample.HandleRadioButtonCheckbox" name="handleCheckboxTest" time="0.104"/>
  <system-out/>
</testsuite> <!-- controlExample.HandleRadioButtonCheckbox -->
