<?xml version="1.0" encoding="UTF-8"?>
<!-- Generated by org.testng.reporters.JUnitReportReporter -->
<testsuite hostname="DESKTOP-H0PI4DT" failures="0" tests="1" name="actionExample.DragDropTest" time="0.776" errors="0" timestamp="2022-09-15T12:37:30 IST" skipped="0">
  <testcase classname="actionExample.DragDropTest" name="dragDropTestCase1" time="0.776"/>
  <system-out/>
</testsuite> <!-- actionExample.DragDropTest -->
