<?xml version="1.0" encoding="UTF-8"?>
<!-- Generated by org.testng.reporters.JUnitReportReporter -->
<testsuite hostname="DESKTOP-H0PI4DT" failures="0" tests="1" name="controlExample.HandleListboxTest" time="4.451" errors="0" timestamp="2022-09-12T13:52:13 IST" skipped="0">
  <testcase classname="controlExample.HandleListboxTest" name="handleList2" time="4.451"/>
  <system-out/>
</testsuite> <!-- controlExample.HandleListboxTest -->
