<?xml version="1.0" encoding="UTF-8"?>
<!-- Generated by org.testng.reporters.JUnitReportReporter -->
<testsuite hostname="DESKTOP-H0PI4DT" failures="0" tests="1" name="pdfboxExample.ControlPDF2" time="0.943" errors="0" timestamp="2022-09-20T14:18:58 IST" skipped="0">
  <testcase classname="pdfboxExample.ControlPDF2" name="ReadPDFFile" time="0.943"/>
  <system-out/>
</testsuite> <!-- pdfboxExample.ControlPDF2 -->
