<?xml version="1.0" encoding="UTF-8"?>
<!-- Generated by org.testng.reporters.JUnitReportReporter -->
<testsuite hostname="DESKTOP-H0PI4DT" failures="0" tests="1" name="frameExample.PayTMExample" time="5.931" errors="0" timestamp="2022-09-15T12:37:30 IST" skipped="0">
  <testcase classname="frameExample.PayTMExample" name="verifyWatchVideoTest" time="5.931"/>
  <system-out/>
</testsuite> <!-- frameExample.PayTMExample -->
