<?xml version="1.0" encoding="UTF-8"?>
<!-- Generated by org.testng.reporters.JUnitReportReporter -->
<testsuite hostname="DESKTOP-H0PI4DT" failures="0" tests="1" name="incedo_test.RegisterStudentTest" time="148.780" errors="0" timestamp="2022-09-19T14:34:07 IST" skipped="0">
  <testcase classname="incedo_test.RegisterStudentTest" name="verifyRegisterStudentTest" time="148.780"/>
  <system-out/>
</testsuite> <!-- incedo_test.RegisterStudentTest -->
