<?xml version="1.0" encoding="UTF-8"?>
<!-- Generated by org.testng.reporters.JUnitReportReporter -->
<testsuite hostname="DESKTOP-H0PI4DT" failures="0" tests="1" name="fileUploadExample.Guru99AppTest" time="9.899" errors="0" timestamp="2022-09-20T11:21:42 IST" skipped="0">
  <testcase classname="fileUploadExample.Guru99AppTest" name="fileUpload" time="9.899"/>
  <system-out/>
</testsuite> <!-- fileUploadExample.Guru99AppTest -->
