<?xml version="1.0" encoding="UTF-8"?>
<!-- Generated by org.testng.reporters.JUnitReportReporter -->
<testsuite hostname="DESKTOP-H0PI4DT" failures="0" tests="3" name="dataDriventest.NOPLogin" time="54.945" errors="0" timestamp="2022-09-16T12:31:01 IST" skipped="0">
  <testcase classname="dataDriventest.NOPLogin" name="loginWithInvalidUserDetails" time="19.070"/>
  <system-out/>
  <testcase classname="dataDriventest.NOPLogin" name="loginWithInvalidUserDetails" time="17.891"/>
  <system-out/>
  <testcase classname="dataDriventest.NOPLogin" name="loginWithInvalidUserDetails" time="17.984"/>
  <system-out/>
</testsuite> <!-- dataDriventest.NOPLogin -->
