<?xml version="1.0" encoding="UTF-8"?>
<!-- Generated by org.testng.reporters.JUnitReportReporter -->
<testsuite hostname="DESKTOP-H0PI4DT" failures="0" tests="1" name="testNGExample.AmazonTest" time="6.357" errors="0" timestamp="2022-09-12T12:36:22 IST" skipped="0">
  <testcase classname="testNGExample.AmazonTest" name="verifySearchTest" time="6.357"/>
  <system-out/>
</testsuite> <!-- testNGExample.AmazonTest -->
